This is pdfTeX, Version 3.1415926-1.40.10 (TeX Live 2009/Debian) (format=pdflatex 2013.8.8)  14 MAY 2015 10:56
entering extended mode
 %&-line parsing enabled.
**manuscriptAO.tex
(./manuscriptAO.tex
LaTeX2e <2009/09/24>
Babel <v3.8l> and hyphenation patterns for english, usenglishmax, dumylang, noh
yphenation, loaded.
(./tATO2e.cls
Document Class: tATO2e 2013/10/15 v1.2 Atmosphere-Ocean LaTeX2e document class
\draftrule=\dimen102
\trimrule=\dimen103
\draftrule=\dimen104
\trimheight=\dimen105
\trimwidth=\dimen106
\typeheight=\dimen107
\typewidth=\dimen108
\normaltextheight=\dimen109
\blindfoliodrop=\dimen110
\tempdimen=\dimen111
\rhdraftruleheight=\dimen112
\tempbox=\box26
LaTeX Font Info:    Overwriting symbol font `operators' in version `normal'
(Font)                  OT1/cmr/m/n --> OT1/cmr/m/n on input line 220.
LaTeX Font Info:    Overwriting symbol font `letters' in version `normal'
(Font)                  OML/cmm/m/it --> OML/cmr/m/it on input line 221.
LaTeX Font Info:    Overwriting symbol font `symbols' in version `normal'
(Font)                  OMS/cmsy/m/n --> OMS/cmr/m/n on input line 222.
LaTeX Font Info:    Overwriting symbol font `largesymbols' in version `normal'
(Font)                  OMX/cmex/m/n --> OMX/cmr/m/n on input line 223.
LaTeX Font Info:    Overwriting math alphabet `\mathbf' in version `normal'
(Font)                  OT1/cmr/bx/n --> OT1/cmr/bx/n on input line 224.
LaTeX Font Info:    Overwriting math alphabet `\mathsf' in version `normal'
(Font)                  OT1/cmss/m/n --> OT1/cmss/m/n on input line 225.
LaTeX Font Info:    Overwriting math alphabet `\mathrm' in version `normal'
(Font)                  OT1/cmr/m/n --> OT1/cmr/m/n on input line 226.
LaTeX Font Info:    Overwriting math alphabet `\mathtt' in version `normal'
(Font)                  OT1/cmtt/m/n --> OT1/Courier/m/n on input line 227.
LaTeX Font Info:    Overwriting symbol font `operators' in version `bold'
(Font)                  OT1/cmr/bx/n --> OT1/cmr/bx/n on input line 229.
LaTeX Font Info:    Overwriting symbol font `symbols' in version `bold'
(Font)                  OMS/cmsy/b/n --> OMS/cmr/bx/n on input line 231.
LaTeX Font Info:    Overwriting symbol font `largesymbols' in version `bold'
(Font)                  OMX/cmex/m/n --> OMX/cmr/bx/n on input line 232.
LaTeX Font Info:    Overwriting math alphabet `\mathbf' in version `bold'
(Font)                  OT1/cmr/bx/n --> OT1/cmr/bx/n on input line 233.
LaTeX Font Info:    Overwriting math alphabet `\mathsf' in version `bold'
(Font)                  OT1/cmss/bx/n --> OT1/cmss/bx/n on input line 234.
LaTeX Font Info:    Overwriting math alphabet `\mathrm' in version `bold'
(Font)                  OT1/cmr/bx/n --> OT1/cmr/bx/n on input line 235.
LaTeX Font Info:    Overwriting math alphabet `\mathtt' in version `bold'
(Font)                  OT1/cmtt/m/n --> OT1/Courier/bx/n on input line 236.
LaTeX Font Info:    Overwriting math alphabet `\mathbb' in version `normal'
(Font)                  OT1/ams/bx/n --> OT1/ams/bx/n on input line 253.
LaTeX Font Info:    Overwriting math alphabet `\mathbb' in version `bold'
(Font)                  OT1/ams/bx/n --> OT1/ams/bx/n on input line 254.
\c@mv@upright=\count79
\c@mv@boldupright=\count80
LaTeX Font Info:    Overwriting symbol font `letters' in version `upright'
(Font)                  OML/cmm/m/it --> OML/eur/m/n on input line 286.
LaTeX Font Info:    Overwriting symbol font `letters' in version `boldupright'
(Font)                  OML/cmm/m/it --> OML/eur/b/n on input line 287.
\c@part=\count81
\c@section=\count82
\c@subsection=\count83
\c@subsubsection=\count84
\c@paragraph=\count85
\c@subparagraph=\count86
\LabelSep=\dimen113
\TopSep=\skip41
\enumbox=\box27
\enumwd=\dimen114
\unnummargin=\dimen115
\abovecaptionskip=\skip42
\belowcaptionskip=\skip43
\c@figure=\count87
\figheight=\dimen116
\figwidth=\dimen117
\c@table=\count88
\tabledim=\dimen118
\bibindent=\dimen119
\drafttextwidth=\dimen120
\trimrule=\dimen121
\varypageheight=\dimen122
(./amsfonts.sty
Package: amsfonts 2001/10/25 v2.2f
\@emptytoks=\toks14
\symAMSa=\mathgroup4
\symAMSb=\mathgroup5
LaTeX Font Info:    Overwriting math alphabet `\mathfrak' in version `bold'
(Font)                  U/euf/m/n --> U/euf/b/n on input line 132.
LaTeX Font Info:    Redeclaring math alphabet \mathbb on input line 133.
) (./amsmath.sty
Package: amsmath 2000/07/18 v2.13 AMS math features
\@mathmargin=\skip44

For additional information on amsmath, use the `?' option.
(/usr/share/texmf-texlive/tex/latex/amsmath/amstext.sty
Package: amstext 2000/06/29 v2.01

(/usr/share/texmf-texlive/tex/latex/amsmath/amsgen.sty
File: amsgen.sty 1999/11/30 v2.0
\@emptytoks=\toks15
\ex@=\dimen123
)) (./amsbsy.sty
Package: amsbsy 1999/11/29 v1.2d
\pmbraise@=\dimen124
)
(/usr/share/texmf-texlive/tex/latex/amsmath/amsopn.sty
Package: amsopn 1999/12/14 v2.01 operator names
)
\inf@bad=\count89
LaTeX Info: Redefining \frac on input line 211.
\uproot@=\count90
\leftroot@=\count91
LaTeX Info: Redefining \overline on input line 307.
\classnum@=\count92
\DOTSCASE@=\count93
LaTeX Info: Redefining \ldots on input line 379.
LaTeX Info: Redefining \dots on input line 382.
LaTeX Info: Redefining \cdots on input line 467.
\Mathstrutbox@=\box28
\strutbox@=\box29
\big@size=\dimen125
LaTeX Font Info:    Redeclaring font encoding OML on input line 567.
LaTeX Font Info:    Redeclaring font encoding OMS on input line 568.
\macc@depth=\count94
\c@MaxMatrixCols=\count95
\dotsspace@=\muskip10
\c@parentequation=\count96
\dspbrk@lvl=\count97
\tag@help=\toks16
\row@=\count98
\column@=\count99
\maxfields@=\count100
\andhelp@=\toks17
\eqnshift@=\dimen126
\alignsep@=\dimen127
\tagshift@=\dimen128
\tagwidth@=\dimen129
\totwidth@=\dimen130
\lineht@=\dimen131
\@envbody=\toks18
\multlinegap=\skip45
\multlinetaggap=\skip46
\mathdisplay@stack=\toks19
LaTeX Info: Redefining \[ on input line 2666.
LaTeX Info: Redefining \] on input line 2667.
) (./amssymb.sty
Package: amssymb 2002/01/22 v2.2d
)
(./epsfig.sty
Package: epsfig 1999/02/16 v1.7a (e)psfig emulation (SPQR)
 (./graphicx.sty
Package: graphicx 1999/02/16 v1.0f Enhanced LaTeX Graphics (DPC,SPQR)

(/usr/share/texmf-texlive/tex/latex/graphics/keyval.sty
Package: keyval 1999/03/16 v1.13 key=value parser (DPC)
\KV@toks@=\toks20
)
(/usr/share/texmf-texlive/tex/latex/graphics/graphics.sty
Package: graphics 2009/02/05 v1.0o Standard LaTeX Graphics (DPC,SPQR)

(/usr/share/texmf-texlive/tex/latex/graphics/trig.sty
Package: trig 1999/03/16 v1.09 sin cos tan (DPC)
)
(/etc/texmf/tex/latex/config/graphics.cfg
File: graphics.cfg 2009/08/28 v1.8 graphics configuration of TeX Live
)
Package graphics Info: Driver file: pdftex.def on input line 91.

(/usr/share/texmf-texlive/tex/latex/pdftex-def/pdftex.def
File: pdftex.def 2010/03/12 v0.04p Graphics/color for pdfTeX
\Gread@gobject=\count101
))
\Gin@req@height=\dimen132
\Gin@req@width=\dimen133
)
\epsfxsize=\dimen134
\epsfysize=\dimen135
) (./rotating.sty
Package: rotating 1997/09/26, v2.13 Rotation package

(/usr/share/texmf-texlive/tex/latex/base/ifthen.sty
Package: ifthen 2001/05/26 v1.1c Standard LaTeX ifthen package (DPC)
)
\c@r@tfl@t=\count102
\rot@float@box=\box30
)) (./subfigure.sty
Package: subfigure 2002/07/30 v2.1.4 subfigure package
\subfigtopskip=\skip47
\subfigcapskip=\skip48
\subfigcaptopadj=\dimen136
\subfigbottomskip=\skip49
\subfigcapmargin=\dimen137
\subfiglabelskip=\skip50
\c@subfigure=\count103
\c@lofdepth=\count104
\c@subtable=\count105
\c@lotdepth=\count106

****************************************
* Local config file subfigure.cfg used *
****************************************
(/usr/share/texmf-texlive/tex/latex/subfigure/subfigure.cfg)
\subfig@top=\skip51
\subfig@bottom=\skip52
) (./apacite.sty
Package: apacite 2013/07/21 v6.03 APA citation
\c@BibCnt=\count107
\bibleftmargin=\skip53
\bibindent=\skip54
\bibparsep=\skip55
\bibitemsep=\skip56
\biblabelsep=\skip57
)
(./natbib.sty
Package: natbib 2010/09/13 8.31b (PWD, AO)
\bibhang=\skip58
\bibsep=\skip59
LaTeX Info: Redefining \cite on input line 694.
\c@NAT@ctr=\count108
)
LaTeX Info: Redefining \BBA on input line 12.
 (/usr/share/texmf-texlive/tex/latex/graphics/color.sty
Package: color 2005/11/14 v1.0j Standard LaTeX Color (DPC)

(/etc/texmf/tex/latex/config/color.cfg
File: color.cfg 2007/01/18 v1.5 color configuration of teTeX/TeXLive
)
Package color Info: Driver file: pdftex.def on input line 130.
)
(/usr/share/texmf-texlive/tex/latex/hyperref/nohyperref.sty
Package: nohyperref 2009/10/09 v6.79a Dummy hyperref (SR)
)
(/usr/share/texmf-texlive/tex/latex/ltxmisc/url.sty
\Urlmuskip=\muskip11
Package: url 2006/04/12  ver 3.3  Verb mode for urls, etc.
) (./manuscriptAO.aux)
\openout1 = `manuscriptAO.aux'.

LaTeX Font Info:    Checking defaults for OML/cmm/m/it on input line 16.
LaTeX Font Info:    ... okay on input line 16.
LaTeX Font Info:    Checking defaults for T1/cmr/m/n on input line 16.
LaTeX Font Info:    ... okay on input line 16.
LaTeX Font Info:    Checking defaults for OT1/cmr/m/n on input line 16.
LaTeX Font Info:    ... okay on input line 16.
LaTeX Font Info:    Checking defaults for OMS/cmsy/m/n on input line 16.
LaTeX Font Info:    ... okay on input line 16.
LaTeX Font Info:    Checking defaults for OMX/cmex/m/n on input line 16.
LaTeX Font Info:    ... okay on input line 16.
LaTeX Font Info:    Checking defaults for U/cmr/m/n on input line 16.
LaTeX Font Info:    ... okay on input line 16.

(/usr/share/texmf-texlive/tex/context/base/supp-pdf.mkii
[Loading MPS to PDF converter (version 2006.09.02).]
\scratchcounter=\count109
\scratchdimen=\dimen138
\scratchbox=\box31
\nofMPsegments=\count110
\nofMParguments=\count111
\everyMPshowfont=\toks21
\MPscratchCnt=\count112
\MPscratchDim=\dimen139
\MPnumerator=\count113
\everyMPtoPDFconversion=\toks22
)
\c@maskedRefs=\count114
LaTeX Font Info:    Try loading font information for OML+cmr on input line 31.
 (/usr/share/texmf-texlive/tex/latex/base/omlcmr.fd
File: omlcmr.fd 1999/05/25 v2.5h Standard LaTeX font definitions
)
LaTeX Font Info:    Font shape `OML/cmr/m/it' in size <10> not available
(Font)              Font shape `OML/cmm/m/it' tried instead on input line 31.
LaTeX Font Info:    Font shape `OML/cmr/m/it' in size <7> not available
(Font)              Font shape `OML/cmm/m/it' tried instead on input line 31.
LaTeX Font Info:    Font shape `OML/cmr/m/it' in size <5> not available
(Font)              Font shape `OML/cmm/m/it' tried instead on input line 31.
LaTeX Font Info:    Try loading font information for OMS+cmr on input line 31.

(/usr/share/texmf-texlive/tex/latex/base/omscmr.fd
File: omscmr.fd 1999/05/25 v2.5h Standard LaTeX font definitions
)
LaTeX Font Info:    Font shape `OMS/cmr/m/n' in size <10> not available
(Font)              Font shape `OMS/cmsy/m/n' tried instead on input line 31.
LaTeX Font Info:    Font shape `OMS/cmr/m/n' in size <7> not available
(Font)              Font shape `OMS/cmsy/m/n' tried instead on input line 31.
LaTeX Font Info:    Font shape `OMS/cmr/m/n' in size <5> not available
(Font)              Font shape `OMS/cmsy/m/n' tried instead on input line 31.
LaTeX Font Info:    Try loading font information for OMX+cmr on input line 31.
LaTeX Font Info:    No file OMXcmr.fd. on input line 31.


LaTeX Font Warning: Font shape `OMX/cmr/m/n' undefined
(Font)              using `OMX/cmex/m/n' instead on input line 31.

LaTeX Font Info:    Try loading font information for U+msa on input line 31.
(/usr/share/texmf-texlive/tex/latex/amsfonts/umsa.fd
File: umsa.fd 2009/06/22 v3.00 AMS symbols A
)
LaTeX Font Info:    Try loading font information for U+msb on input line 31.

(/usr/share/texmf-texlive/tex/latex/amsfonts/umsb.fd
File: umsb.fd 2009/06/22 v3.00 AMS symbols B
)
LaTeX Font Info:    Font shape `OML/cmr/m/it' in size <8> not available
(Font)              Font shape `OML/cmm/m/it' tried instead on input line 31.
LaTeX Font Info:    Font shape `OML/cmr/m/it' in size <6> not available
(Font)              Font shape `OML/cmm/m/it' tried instead on input line 31.
LaTeX Font Info:    Font shape `OMS/cmr/m/n' in size <8> not available
(Font)              Font shape `OMS/cmsy/m/n' tried instead on input line 31.
LaTeX Font Info:    Font shape `OMS/cmr/m/n' in size <6> not available
(Font)              Font shape `OMS/cmsy/m/n' tried instead on input line 31.
LaTeX Font Info:    Calculating math sizes for size <11> on input line 40.


LaTeX Font Warning: Font shape `OT1/cmr/m/n' in size <5.5> not available
(Font)              size <5> substituted on input line 40.

LaTeX Font Info:    Font shape `OML/cmr/m/it' in size <11> not available
(Font)              Font shape `OML/cmm/m/it' tried instead on input line 40.
LaTeX Font Info:    Font shape `OML/cmr/m/it' in size <7.69997> not available
(Font)              Font shape `OML/cmm/m/it' tried instead on input line 40.
LaTeX Font Info:    Font shape `OML/cmr/m/it' in size <5.5> not available
(Font)              Font shape `OML/cmm/m/it' tried instead on input line 40.

LaTeX Font Warning: Font shape `OML/cmm/m/it' in size <5.5> not available
(Font)              size <5> substituted on input line 40.

LaTeX Font Info:    Font shape `OMS/cmr/m/n' in size <11> not available
(Font)              Font shape `OMS/cmsy/m/n' tried instead on input line 40.
LaTeX Font Info:    Font shape `OMS/cmr/m/n' in size <7.69997> not available
(Font)              Font shape `OMS/cmsy/m/n' tried instead on input line 40.
LaTeX Font Info:    Font shape `OMS/cmr/m/n' in size <5.5> not available
(Font)              Font shape `OMS/cmsy/m/n' tried instead on input line 40.

LaTeX Font Warning: Font shape `OMS/cmsy/m/n' in size <5.5> not available
(Font)              size <5> substituted on input line 40.


Underfull \vbox (badness 10000) has occurred while \output is active []


Overfull \vbox (29.0pt too high) has occurred while \output is active []


Overfull \vbox (703.0pt too high) has occurred while \output is active []


Overfull \vbox (0.62988pt too high) has occurred while \output is active []


[1{/var/lib/texmf/fonts/map/pdftex/updmap/pdftex.map}


]
Underfull \vbox (badness 10000) has occurred while \output is active []


Underfull \vbox (badness 10000) has occurred while \output is active []


Overfull \vbox (29.0pt too high) has occurred while \output is active []


Overfull \vbox (703.0pt too high) has occurred while \output is active []

 [2]
Underfull \vbox (badness 10000) has occurred while \output is active []


Underfull \vbox (badness 10000) has occurred while \output is active []


Overfull \vbox (29.0pt too high) has occurred while \output is active []


Overfull \vbox (703.0pt too high) has occurred while \output is active []

 [3]
Underfull \vbox (badness 10000) has occurred while \output is active []


Underfull \vbox (badness 10000) has occurred while \output is active []


Overfull \vbox (29.0pt too high) has occurred while \output is active []


Overfull \vbox (703.0pt too high) has occurred while \output is active []

 [4]
Underfull \vbox (badness 10000) has occurred while \output is active []


Underfull \vbox (badness 10000) has occurred while \output is active []


Overfull \vbox (29.0pt too high) has occurred while \output is active []


Overfull \vbox (703.0pt too high) has occurred while \output is active []

 [5]
Underfull \vbox (badness 10000) has occurred while \output is active []


Underfull \vbox (badness 10000) has occurred while \output is active []


Overfull \vbox (29.0pt too high) has occurred while \output is active []


Overfull \vbox (703.0pt too high) has occurred while \output is active []

 [6]

pdfTeX warning: pdflatex (file ./Figures/bathy.pdf): PDF inclusion: found PDF v
ersion <1.5>, but at most version <1.4> allowed
<Figures/bathy.pdf, id=34, 931.48pt x 730.73pt>
File: Figures/bathy.pdf Graphic file (type pdf)
 <use Figures/bathy.pdf>
Overfull \hbox (9.73886pt too wide) in paragraph at lines 78--79
 [][] 
 []


LaTeX Warning: `h' float specifier changed to `ht'.



pdfTeX warning: pdflatex (file ./Figures/bathy_zoom.pdf): PDF inclusion: found 
PDF version <1.5>, but at most version <1.4> allowed
<Figures/bathy_zoom.pdf, id=36, 769.87625pt x 611.28375pt>
File: Figures/bathy_zoom.pdf Graphic file (type pdf)

<use Figures/bathy_zoom.pdf>

LaTeX Warning: `h' float specifier changed to `ht'.


Underfull \vbox (badness 10000) has occurred while \output is active []


Underfull \vbox (badness 10000) has occurred while \output is active []


Overfull \vbox (29.0pt too high) has occurred while \output is active []


Overfull \vbox (703.0pt too high) has occurred while \output is active []

 [7]
Underfull \vbox (badness 3323) has occurred while \output is active []


Underfull \vbox (badness 10000) has occurred while \output is active []


Overfull \vbox (29.0pt too high) has occurred while \output is active []


Overfull \vbox (703.0pt too high) has occurred while \output is active []

 [8 <./Figures/bathy.pdf>]
Underfull \vbox (badness 10000) has occurred while \output is active []


Overfull \vbox (29.0pt too high) has occurred while \output is active []


Overfull \vbox (703.0pt too high) has occurred while \output is active []

 [9 <./Figures/bathy_zoom.pdf>]
Underfull \vbox (badness 10000) has occurred while \output is active []


Overfull \vbox (29.0pt too high) has occurred while \output is active []


Overfull \vbox (703.0pt too high) has occurred while \output is active []

 [10]
Underfull \vbox (badness 10000) has occurred while \output is active []


Overfull \vbox (29.0pt too high) has occurred while \output is active []


Overfull \vbox (703.0pt too high) has occurred while \output is active []

 [11]
Underfull \vbox (badness 10000) has occurred while \output is active []


Underfull \vbox (badness 10000) has occurred while \output is active []


Overfull \vbox (29.0pt too high) has occurred while \output is active []


Overfull \vbox (703.0pt too high) has occurred while \output is active []

 [12]
Underfull \vbox (badness 10000) has occurred while \output is active []


Overfull \vbox (29.0pt too high) has occurred while \output is active []


Overfull \vbox (703.0pt too high) has occurred while \output is active []

 [13]
<Figures/tides.pdf, id=70, 852.44339pt x 383.81363pt>
File: Figures/tides.pdf Graphic file (type pdf)
 <use Figures/tides.pdf>
Overfull \hbox (55.46999pt too wide) in paragraph at lines 148--149
 [][] 
 []


Underfull \vbox (badness 10000) has occurred while \output is active []


Overfull \vbox (29.0pt too high) has occurred while \output is active []


Overfull \vbox (703.0pt too high) has occurred while \output is active []

 [14 <./Figures/tides.pdf>]
Underfull \vbox (badness 10000) has occurred while \output is active []


Underfull \vbox (badness 10000) has occurred while \output is active []


Overfull \vbox (29.0pt too high) has occurred while \output is active []


Overfull \vbox (703.0pt too high) has occurred while \output is active []

 [15]
Underfull \vbox (badness 10000) has occurred while \output is active []


Overfull \vbox (29.0pt too high) has occurred while \output is active []


Overfull \vbox (703.0pt too high) has occurred while \output is active []

 [16]
Underfull \vbox (badness 10000) has occurred while \output is active []


Underfull \vbox (badness 10000) has occurred while \output is active []


Overfull \vbox (29.0pt too high) has occurred while \output is active []


Overfull \vbox (703.0pt too high) has occurred while \output is active []

 [17]
<Figures/feb2006.pdf, id=259, 724.45656pt x 481.10521pt>
File: Figures/feb2006.pdf Graphic file (type pdf)

<use Figures/feb2006.pdf>
Underfull \vbox (badness 10000) has occurred while \output is active []


Overfull \vbox (29.0pt too high) has occurred while \output is active []


Overfull \vbox (703.0pt too high) has occurred while \output is active []

 [18 <./Figures/feb2006.pdf>]

LaTeX Warning: Float too large for page by 47.65274pt on input line 247.


LaTeX Warning: `h' float specifier changed to `ht'.


LaTeX Warning: Float too large for page by 28.5528pt on input line 304.


LaTeX Warning: `h' float specifier changed to `ht'.


Underfull \vbox (badness 10000) has occurred while \output is active []


Underfull \vbox (badness 10000) has occurred while \output is active []


Overfull \vbox (29.0pt too high) has occurred while \output is active []


Overfull \vbox (703.0pt too high) has occurred while \output is active []

 [19]
Underfull \vbox (badness 10000) has occurred while \output is active []


Overfull \vbox (29.0pt too high) has occurred while \output is active []


Overfull \vbox (703.0pt too high) has occurred while \output is active []

 [20]
Underfull \vbox (badness 10000) has occurred while \output is active []


Underfull \vbox (badness 10000) has occurred while \output is active []


Overfull \vbox (29.0pt too high) has occurred while \output is active []


Overfull \vbox (703.0pt too high) has occurred while \output is active []

 [21]
<Figures/feb2006_factors.pdf, id=319, 741.77126pt x 354.39133pt>
File: Figures/feb2006_factors.pdf Graphic file (type pdf)

<use Figures/feb2006_factors.pdf>
<Figures/feb2006_tidesurge.pdf, id=321, 741.77126pt x 285.07285pt>
File: Figures/feb2006_tidesurge.pdf Graphic file (type pdf)

<use Figures/feb2006_tidesurge.pdf>

pdfTeX warning: pdflatex (file ./Figures/feb2006_tidesurge_spatial.pdf): PDF in
clusion: found PDF version <1.5>, but at most version <1.4> allowed
<Figures/feb2006_tidesurge_spatial.pdf, id=323, 723.70375pt x 341.275pt>
File: Figures/feb2006_tidesurge_spatial.pdf Graphic file (type pdf)

<use Figures/feb2006_tidesurge_spatial.pdf>
Underfull \vbox (badness 10000) has occurred while \output is active []


Overfull \vbox (29.0pt too high) has occurred while \output is active []


Overfull \vbox (703.0pt too high) has occurred while \output is active []

 [22 <./Figures/feb2006_factors.pdf>]
Underfull \vbox (badness 10000) has occurred while \output is active []


Overfull \vbox (29.0pt too high) has occurred while \output is active []


Overfull \vbox (703.0pt too high) has occurred while \output is active []

 [23 <./Figures/feb2006_tidesurge.pdf> <./Figures/feb2006_tidesurge_spatial.pdf
>]
<Figures/dec2006.pdf, id=428, 724.12721pt x 481.10521pt>
File: Figures/dec2006.pdf Graphic file (type pdf)

<use Figures/dec2006.pdf>
Underfull \vbox (badness 10000) has occurred while \output is active []


Overfull \vbox (29.0pt too high) has occurred while \output is active []


Overfull \vbox (703.0pt too high) has occurred while \output is active []

 [24 <./Figures/dec2006.pdf>]

pdfTeX warning: pdflatex (file ./Figures/dec2006_spatial.pdf): PDF inclusion: f
ound PDF version <1.5>, but at most version <1.4> allowed
<Figures/dec2006_spatial.pdf, id=479, 715.67375pt x 357.335pt>
File: Figures/dec2006_spatial.pdf Graphic file (type pdf)

<use Figures/dec2006_spatial.pdf>
Underfull \vbox (badness 10000) has occurred while \output is active []


Overfull \vbox (29.0pt too high) has occurred while \output is active []


Overfull \vbox (703.0pt too high) has occurred while \output is active []

 [25 <./Figures/dec2006_spatial.pdf>]

pdfTeX warning: pdflatex (file ./Figures/dec2006_spatial_sshonly.pdf): PDF incl
usion: found PDF version <1.5>, but at most version <1.4> allowed
<Figures/dec2006_spatial_sshonly.pdf, id=488, 715.67375pt x 357.335pt>
File: Figures/dec2006_spatial_sshonly.pdf Graphic file (type pdf)

<use Figures/dec2006_spatial_sshonly.pdf>
Underfull \vbox (badness 10000) has occurred while \output is active []


Overfull \vbox (29.0pt too high) has occurred while \output is active []


Overfull \vbox (703.0pt too high) has occurred while \output is active []

 [26 <./Figures/dec2006_spatial_sshonly.pdf>]
<Figures/nov2009.pdf, id=496, 405.30798pt x 425.09596pt>
File: Figures/nov2009.pdf Graphic file (type pdf)

<use Figures/nov2009.pdf>
Underfull \vbox (badness 10000) has occurred while \output is active []


Underfull \vbox (badness 10000) has occurred while \output is active []


Overfull \vbox (29.0pt too high) has occurred while \output is active []


Overfull \vbox (703.0pt too high) has occurred while \output is active []

 [27]
Underfull \vbox (badness 10000) has occurred while \output is active []


Overfull \vbox (29.0pt too high) has occurred while \output is active []


Overfull \vbox (703.0pt too high) has occurred while \output is active []

 [28 <./Figures/nov2009.pdf>]
<Figures/dec2012_weather.pdf, id=551, 764.3509pt x 649.13298pt>
File: Figures/dec2012_weather.pdf Graphic file (type pdf)

<use Figures/dec2012_weather.pdf>
Overfull \hbox (2.61409pt too wide) in paragraph at lines 408--409
 [][] 
 []


Underfull \vbox (badness 10000) has occurred while \output is active []


Overfull \vbox (29.0pt too high) has occurred while \output is active []


Overfull \vbox (703.0pt too high) has occurred while \output is active []

 [29 <./Figures/dec2012_weather.pdf>]
<Figures/dec2012_surge.pdf, id=958, 741.51247pt x 285.07285pt>
File: Figures/dec2012_surge.pdf Graphic file (type pdf)

<use Figures/dec2012_surge.pdf>
Underfull \vbox (badness 10000) has occurred while \output is active []


Underfull \vbox (badness 10000) has occurred while \output is active []


Overfull \vbox (29.0pt too high) has occurred while \output is active []


Overfull \vbox (703.0pt too high) has occurred while \output is active []

 [30 <./Figures/dec2012_surge.pdf>]
Underfull \vbox (badness 10000) has occurred while \output is active []


Underfull \vbox (badness 10000) has occurred while \output is active []


Overfull \vbox (29.0pt too high) has occurred while \output is active []


Overfull \vbox (703.0pt too high) has occurred while \output is active []

 [31]
Underfull \vbox (badness 10000) has occurred while \output is active []


Underfull \vbox (badness 10000) has occurred while \output is active []


Overfull \vbox (29.0pt too high) has occurred while \output is active []


Overfull \vbox (703.0pt too high) has occurred while \output is active []

 [32]
Underfull \vbox (badness 10000) has occurred while \output is active []


Overfull \vbox (29.0pt too high) has occurred while \output is active []


Overfull \vbox (703.0pt too high) has occurred while \output is active []

 [33]

LaTeX Warning: `h' float specifier changed to `ht'.

(./manuscriptAO.bbl
Underfull \vbox (badness 10000) has occurred while \output is active []


Underfull \vbox (badness 10000) has occurred while \output is active []


Overfull \vbox (29.0pt too high) has occurred while \output is active []


Overfull \vbox (703.0pt too high) has occurred while \output is active []

 [34]
Underfull \vbox (badness 10000) has occurred while \output is active []


Underfull \vbox (badness 10000) has occurred while \output is active []


Overfull \vbox (29.0pt too high) has occurred while \output is active []


Overfull \vbox (703.0pt too high) has occurred while \output is active []

 [35]
Underfull \hbox (badness 3460) in paragraph at lines 343--354
[]\OT1/cmr/m/n/10.95 Environment Canada.  (2014b).  \OT1/cmr/m/it/10.95 High Re
s-o-lu-tion De-ter-min-is-tic Pre-dic-tion Sys-tem.
 []


Underfull \vbox (badness 10000) has occurred while \output is active []


Underfull \vbox (badness 10000) has occurred while \output is active []


Overfull \vbox (29.0pt too high) has occurred while \output is active []


Overfull \vbox (703.0pt too high) has occurred while \output is active []

 [36]
Underfull \hbox (badness 1478) in paragraph at lines 620--634
\OT1/cmr/m/it/10.95 53N, lon-gi-tude 116W-133W\OT1/cmr/m/n/10.95 .  U. S. Ge-o-
log-i-cal Sur-vey Open-File Re-port 99-369.
 []


Underfull \vbox (badness 10000) has occurred while \output is active []


Underfull \vbox (badness 10000) has occurred while \output is active []


Overfull \vbox (29.0pt too high) has occurred while \output is active []


Overfull \vbox (703.0pt too high) has occurred while \output is active []

 [37]
Underfull \vbox (badness 10000) has occurred while \output is active []


Underfull \vbox (badness 10000) has occurred while \output is active []


Overfull \vbox (29.0pt too high) has occurred while \output is active []


Overfull \vbox (703.0pt too high) has occurred while \output is active []

 [38])
Underfull \vbox (badness 10000) has occurred while \output is active []


Overfull \vbox (29.0pt too high) has occurred while \output is active []


Overfull \vbox (703.0pt too high) has occurred while \output is active []

 [39]
Underfull \vbox (badness 10000) has occurred while \output is active []


Overfull \vbox (29.0pt too high) has occurred while \output is active []


Overfull \vbox (703.0pt too high) has occurred while \output is active []

 [40]
Underfull \vbox (badness 10000) has occurred while \output is active []


Overfull \vbox (29.0pt too high) has occurred while \output is active []


Overfull \vbox (703.0pt too high) has occurred while \output is active []

 [41]
Underfull \vbox (badness 10000) has occurred while \output is active []


Underfull \vbox (badness 10000) has occurred while \output is active []


Overfull \vbox (29.0pt too high) has occurred while \output is active []


Overfull \vbox (703.0pt too high) has occurred while \output is active []

 [42]
(./manuscriptAO.aux)

LaTeX Font Warning: Size substitutions with differences
(Font)              up to 0.5pt have occurred.


LaTeX Font Warning: Some font shapes were not available, defaults substituted.

 ) 
Here is how much of TeX's memory you used:
 3587 strings out of 495061
 46166 string characters out of 1182622
 150001 words of memory out of 3000000
 6719 multiletter control sequences out of 15000+50000
 14332 words of font info for 57 fonts, out of 3000000 for 9000
 28 hyphenation exceptions out of 8191
 39i,12n,27p,2125b,430s stack positions out of 5000i,500n,10000p,200000b,50000s
</usr/share/texmf-texlive/fonts/type1/public/amsfonts/cm/cmbx10.pfb></usr/sha
re/texmf-texlive/fonts/type1/public/amsfonts/cm/cmcsc10.pfb></usr/share/texmf-t
exlive/fonts/type1/public/amsfonts/cm/cmex10.pfb></usr/share/texmf-texlive/font
s/type1/public/amsfonts/cm/cmmi10.pfb></usr/share/texmf-texlive/fonts/type1/pub
lic/amsfonts/cm/cmmi5.pfb></usr/share/texmf-texlive/fonts/type1/public/amsfonts
/cm/cmmi6.pfb></usr/share/texmf-texlive/fonts/type1/public/amsfonts/cm/cmmi8.pf
b></usr/share/texmf-texlive/fonts/type1/public/amsfonts/cm/cmr10.pfb></usr/shar
e/texmf-texlive/fonts/type1/public/amsfonts/cm/cmr6.pfb></usr/share/texmf-texli
ve/fonts/type1/public/amsfonts/cm/cmr7.pfb></usr/share/texmf-texlive/fonts/type
1/public/amsfonts/cm/cmr8.pfb></usr/share/texmf-texlive/fonts/type1/public/amsf
onts/cm/cmr9.pfb></usr/share/texmf-texlive/fonts/type1/public/amsfonts/cm/cmss1
2.pfb></usr/share/texmf-texlive/fonts/type1/public/amsfonts/cm/cmsy10.pfb></usr
/share/texmf-texlive/fonts/type1/public/amsfonts/cm/cmsy6.pfb></usr/share/texmf
-texlive/fonts/type1/public/amsfonts/cm/cmsy7.pfb></usr/share/texmf-texlive/fon
ts/type1/public/amsfonts/cm/cmsy8.pfb></usr/share/texmf-texlive/fonts/type1/pub
lic/amsfonts/cm/cmti10.pfb></usr/share/texmf-texlive/fonts/type1/public/amsfont
s/cm/cmti9.pfb></usr/share/texmf-texlive/fonts/type1/public/amsfonts/cm/cmtt8.p
fb>
Output written on manuscriptAO.pdf (42 pages, 5217546 bytes).
PDF statistics:
 1115 PDF objects out of 1200 (max. 8388607)
 0 named destinations out of 1000 (max. 500000)
 66 words of extra memory for PDF output out of 10000 (max. 10000000)

